<?xml version="1.0" encoding="UTF-8"?>
<!-- Generated by org.testng.reporters.JUnitReportReporter -->
<testsuite hostname="IN-IT7126" failures="0" tests="1" name="testClasses.HM_testFav" time="26.497" errors="0" timestamp="8 Aug 2022 10:01:40 GMT">
  <testcase classname="testClasses.HM_testFav" name="verifyProductAddToFavorite" time="26.497"/>
</testsuite> <!-- testClasses.HM_testFav -->
