<?xml version="1.0" encoding="UTF-8"?>
<!-- Generated by org.testng.reporters.JUnitReportReporter -->
<testsuite hostname="IN-IT7126" failures="0" tests="1" name="testClasses.HM_SignIn_PositiveScenario" time="5.323" errors="0" timestamp="8 Aug 2022 15:30:41 GMT">
  <testcase classname="testClasses.HM_SignIn_PositiveScenario" name="Verify_User_Able_To_SignIn" time="5.323"/>
</testsuite> <!-- testClasses.HM_SignIn_PositiveScenario -->
