<?xml version="1.0" encoding="UTF-8"?>
<!-- Generated by org.testng.reporters.JUnitReportReporter -->
<testsuite hostname="IN-IT7126" failures="0" tests="1" name="testClasses.Verify_Redirection_Of_HM_Logo_03" time="12.451" errors="0" timestamp="8 Aug 2022 16:56:14 GMT">
  <testcase classname="testClasses.Verify_Redirection_Of_HM_Logo_03" name="Verify_Redirection_of_HM_Logo" time="12.451"/>
</testsuite> <!-- testClasses.Verify_Redirection_Of_HM_Logo_03 -->
